<?xml version="1.0" encoding="UTF-8"?>
<!-- Generated by org.testng.reporters.JUnitXMLReporter -->
<testsuite hostname="DESKTOP-6U8VETS" ignored="0" name="Test" tests="3" failures="1" timestamp="13 Jun 2020 14:39:30 GMT" time="6.374" errors="0">
  <testcase name="test2" time="5.805" classname="testtestng.Parallalbrowsing"/>
  <testcase name="test1" time="6.315" classname="testtestng.Parallalbrowsing"/>
  <testcase name="test3" time="6.348" classname="testtestng.Parallalbrowsing">
    <failure type="java.lang.AssertionError" message="expected [true] but found [false]">
      <![CDATA[java.lang.AssertionError: expected [true] but found [false]
at testtestng.Parallalbrowsing.test3(Parallalbrowsing.java:44)
at java.util.concurrent.ThreadPoolExecutor.runWorker(Unknown Source)
at java.util.concurrent.ThreadPoolExecutor$Worker.run(Unknown Source)
at java.lang.Thread.run(Unknown Source)
... Removed 14 stack frames]]>
    </failure>
  </testcase> <!-- test3 -->
</testsuite> <!-- Test -->
